<?xml version="1.0" encoding="UTF-8"?>
<testng-results ignored="0" total="1" passed="1" failed="0" skipped="0">
  <reporter-output>
  </reporter-output>
  <suite started-at="2024-12-14T10:46:40Z" name="BDD Tests" finished-at="2024-12-14T10:47:02Z" duration-ms="22544">
    <groups>
      <group name="cucumber">
        <method signature="AbstractTestNGCucumberTests.runScenario(cucumber.api.testng.PickleEventWrapper, cucumber.api.testng.CucumberFeatureWrapper)[pri:0, instance:testRunner.testRunnerCucumber@6af9fcb2]" name="runScenario" class="cucumber.api.testng.AbstractTestNGCucumberTests"/>
      </group> <!-- cucumber -->
    </groups>
    <test started-at="2024-12-14T10:46:40Z" name="Assessment Test" finished-at="2024-12-14T10:47:02Z" duration-ms="22544">
      <class name="testRunner.testRunnerCucumber">
        <test-method is-config="true" signature="setUpClass()[pri:0, instance:testRunner.testRunnerCucumber@6af9fcb2]" started-at="2024-12-14T10:46:40Z" name="setUpClass" finished-at="2024-12-14T10:46:40Z" duration-ms="205" status="PASS">
          <reporter-output>
          </reporter-output>
        </test-method> <!-- setUpClass -->
        <test-method signature="runScenario(cucumber.api.testng.PickleEventWrapper, cucumber.api.testng.CucumberFeatureWrapper)[pri:0, instance:testRunner.testRunnerCucumber@6af9fcb2]" started-at="2024-12-14T10:46:40Z" name="runScenario" description="Runs Cucumber Scenarios" data-provider="scenarios" finished-at="2024-12-14T10:47:02Z" duration-ms="22207" status="PASS">
          <params>
            <param index="0">
              <value>
                <![CDATA["Verify user can search required book and add to cart"]]>
              </value>
            </param>
            <param index="1">
              <value>
                <![CDATA["Verify Ebay Cart Functionality"]]>
              </value>
            </param>
          </params>
          <reporter-output>
          </reporter-output>
        </test-method> <!-- runScenario -->
        <test-method is-config="true" signature="tearDownClass()[pri:0, instance:testRunner.testRunnerCucumber@6af9fcb2]" started-at="2024-12-14T10:47:02Z" name="tearDownClass" finished-at="2024-12-14T10:47:02Z" duration-ms="69" status="PASS">
          <reporter-output>
          </reporter-output>
        </test-method> <!-- tearDownClass -->
      </class> <!-- testRunner.testRunnerCucumber -->
    </test> <!-- Assessment Test -->
  </suite> <!-- BDD Tests -->
</testng-results>
