<?xml version="1.0" encoding="UTF-8"?>
<testng-results ignored="0" total="1" passed="1" failed="0" skipped="0">
  <reporter-output>
  </reporter-output>
  <suite started-at="2024-12-14T16:11:46 IST" name="Default suite" finished-at="2024-12-14T16:12:15 IST" duration-ms="28392">
    <groups>
      <group name="cucumber">
        <method signature="AbstractTestNGCucumberTests.runScenario(cucumber.api.testng.PickleEventWrapper,cucumber.api.testng.CucumberFeatureWrapper)[pri:0, instance:testRunner.testRunnerCucumber@41a2befb]" name="runScenario" class="cucumber.api.testng.AbstractTestNGCucumberTests"/>
      </group> <!-- cucumber -->
    </groups>
    <test started-at="2024-12-14T16:11:46 IST" name="Default test" finished-at="2024-12-14T16:12:15 IST" duration-ms="28392">
      <class name="testRunner.testRunnerCucumber">
        <test-method is-config="true" signature="setUpClass()[pri:0, instance:testRunner.testRunnerCucumber@41a2befb]" started-at="2024-12-14T16:11:46 IST" name="setUpClass" finished-at="2024-12-14T16:11:47 IST" duration-ms="223" status="PASS">
          <reporter-output>
          </reporter-output>
        </test-method> <!-- setUpClass -->
        <test-method signature="runScenario(cucumber.api.testng.PickleEventWrapper,cucumber.api.testng.CucumberFeatureWrapper)[pri:0, instance:testRunner.testRunnerCucumber@41a2befb]" started-at="2024-12-14T16:11:47 IST" name="runScenario" description="Runs Cucumber Scenarios" data-provider="scenarios" finished-at="2024-12-14T16:12:15 IST" duration-ms="27963" status="PASS">
          <params>
            <param index="0">
              <value>
                <![CDATA["Verify user can search required book and add to cart"]]>
              </value>
            </param>
            <param index="1">
              <value>
                <![CDATA["Verify Ebay Cart Functionality"]]>
              </value>
            </param>
          </params>
          <reporter-output>
          </reporter-output>
        </test-method> <!-- runScenario -->
        <test-method is-config="true" signature="tearDownClass()[pri:0, instance:testRunner.testRunnerCucumber@41a2befb]" started-at="2024-12-14T16:12:15 IST" name="tearDownClass" finished-at="2024-12-14T16:12:15 IST" duration-ms="68" status="PASS">
          <reporter-output>
          </reporter-output>
        </test-method> <!-- tearDownClass -->
      </class> <!-- testRunner.testRunnerCucumber -->
    </test> <!-- Default test -->
  </suite> <!-- Default suite -->
</testng-results>
